# JRE version: OpenJDK Runtime Environment (8.0_152-b02) (build 1.8.0_152-release-1024-b02)
# Java VM: OpenJDK 64-Bit Server VM (25.152-b02 mixed mode windows-amd64 compressed oops)
Heap:
 PSYoungGen      total 429056K, used 206920K [0x00000000e0000000, 0x00000000fb800000, 0x0000000100000000)
  eden space 407552K, 50% used [0x00000000e0000000,0x00000000ec843380,0x00000000f8e00000)
  from space 21504K, 8% used [0x00000000fa300000,0x00000000fa4cf040,0x00000000fb800000)
  to   space 21504K, 0% used [0x00000000f8e00000,0x00000000f8e00000,0x00000000fa300000)
 ParOldGen       total 126464K, used 46854K [0x00000000a0000000, 0x00000000a7b80000, 0x00000000e0000000)
  object space 126464K, 37% used [0x00000000a0000000,0x00000000a2dc1a80,0x00000000a7b80000)
 Metaspace       used 72410K, capacity 75058K, committed 75136K, reserved 1114112K
  class space    used 9469K, capacity 10034K, committed 10112K, reserved 1048576K
GC Heap History (10 events):
Event: 28.649 GC heap before
{Heap before GC invocations=21 (full 3):
 PSYoungGen      total 241152K, used 241147K [0x00000000e0000000, 0x00000000f3300000, 0x0000000100000000)
  eden space 220672K, 100% used [0x00000000e0000000,0x00000000ed780000,0x00000000ed780000)
  from space 20480K, 99% used [0x00000000ed780000,0x00000000eeb7ecb0,0x00000000eeb80000)
  to   space 24576K, 0% used [0x00000000f1b00000,0x00000000f1b00000,0x00000000f3300000)
 ParOldGen       total 126464K, used 32254K [0x00000000a0000000, 0x00000000a7b80000, 0x00000000e0000000)
  object space 126464K, 25% used [0x00000000a0000000,0x00000000a1f7f970,0x00000000a7b80000)
 Metaspace       used 70912K, capacity 73208K, committed 73472K, reserved 1112064K
  class space    used 9326K, capacity 9875K, committed 9984K, reserved 1048576K
Event: 28.682 GC heap after
Heap after GC invocations=21 (full 3):
 PSYoungGen      total 290816K, used 7618K [0x00000000e0000000, 0x00000000f3b00000, 0x0000000100000000)
  eden space 266240K, 0% used [0x00000000e0000000,0x00000000e0000000,0x00000000f0400000)
  from space 24576K, 31% used [0x00000000f1b00000,0x00000000f2270a80,0x00000000f3300000)
  to   space 23552K, 0% used [0x00000000f0400000,0x00000000f0400000,0x00000000f1b00000)
 ParOldGen       total 126464K, used 43666K [0x00000000a0000000, 0x00000000a7b80000, 0x00000000e0000000)
  object space 126464K, 34% used [0x00000000a0000000,0x00000000a2aa49d0,0x00000000a7b80000)
 Metaspace       used 70912K, capacity 73208K, committed 73472K, reserved 1112064K
  class space    used 9326K, capacity 9875K, committed 9984K, reserved 1048576K
}
Event: 29.696 GC heap before
{Heap before GC invocations=22 (full 3):
 PSYoungGen      total 290816K, used 273858K [0x00000000e0000000, 0x00000000f3b00000, 0x0000000100000000)
  eden space 266240K, 100% used [0x00000000e0000000,0x00000000f0400000,0x00000000f0400000)
  from space 24576K, 31% used [0x00000000f1b00000,0x00000000f2270a80,0x00000000f3300000)
  to   space 23552K, 0% used [0x00000000f0400000,0x00000000f0400000,0x00000000f1b00000)
 ParOldGen       total 126464K, used 43666K [0x00000000a0000000, 0x00000000a7b80000, 0x00000000e0000000)
  object space 126464K, 34% used [0x00000000a0000000,0x00000000a2aa49d0,0x00000000a7b80000)
 Metaspace       used 72053K, capacity 74716K, committed 74880K, reserved 1114112K
  class space    used 9453K, capacity 10021K, committed 10112K, reserved 1048576K
Event: 29.715 GC heap after
Heap after GC invocations=22 (full 3):
 PSYoungGen      total 289792K, used 3783K [0x00000000e0000000, 0x00000000f7000000, 0x0000000100000000)
  eden space 266240K, 0% used [0x00000000e0000000,0x00000000e0000000,0x00000000f0400000)
  from space 23552K, 16% used [0x00000000f0400000,0x00000000f07b1c08,0x00000000f1b00000)
  to   space 23040K, 0% used [0x00000000f5980000,0x00000000f5980000,0x00000000f7000000)
 ParOldGen       total 126464K, used 46398K [0x00000000a0000000, 0x00000000a7b80000, 0x00000000e0000000)
  object space 126464K, 36% used [0x00000000a0000000,0x00000000a2d4fa60,0x00000000a7b80000)
 Metaspace       used 72053K, capacity 74716K, committed 74880K, reserved 1114112K
  class space    used 9453K, capacity 10021K, committed 10112K, reserved 1048576K
}
Event: 30.570 GC heap before
{Heap before GC invocations=23 (full 3):
 PSYoungGen      total 289792K, used 270023K [0x00000000e0000000, 0x00000000f7000000, 0x0000000100000000)
  eden space 266240K, 100% used [0x00000000e0000000,0x00000000f0400000,0x00000000f0400000)
  from space 23552K, 16% used [0x00000000f0400000,0x00000000f07b1c08,0x00000000f1b00000)
  to   space 23040K, 0% used [0x00000000f5980000,0x00000000f5980000,0x00000000f7000000)
 ParOldGen       total 126464K, used 46398K [0x00000000a0000000, 0x00000000a7b80000, 0x00000000e0000000)
  object space 126464K, 36% used [0x00000000a0000000,0x00000000a2d4fa60,0x00000000a7b80000)
 Metaspace       used 72128K, capacity 74792K, committed 75136K, reserved 1114112K
  class space    used 9453K, capacity 10021K, committed 10112K, reserved 1048576K
Event: 30.587 GC heap after
Heap after GC invocations=23 (full 3):
 PSYoungGen      total 352768K, used 4068K [0x00000000e0000000, 0x00000000f6f00000, 0x0000000100000000)
  eden space 330752K, 0% used [0x00000000e0000000,0x00000000e0000000,0x00000000f4300000)
  from space 22016K, 18% used [0x00000000f5980000,0x00000000f5d792c8,0x00000000f6f00000)
  to   space 22528K, 0% used [0x00000000f4300000,0x00000000f4300000,0x00000000f5900000)
 ParOldGen       total 126464K, used 46830K [0x00000000a0000000, 0x00000000a7b80000, 0x00000000e0000000)
  object space 126464K, 37% used [0x00000000a0000000,0x00000000a2dbba80,0x00000000a7b80000)
 Metaspace       used 72128K, capacity 74792K, committed 75136K, reserved 1114112K
  class space    used 9453K, capacity 10021K, committed 10112K, reserved 1048576K
}
Event: 31.536 GC heap before
{Heap before GC invocations=24 (full 3):
 PSYoungGen      total 352768K, used 334820K [0x00000000e0000000, 0x00000000f6f00000, 0x0000000100000000)
  eden space 330752K, 100% used [0x00000000e0000000,0x00000000f4300000,0x00000000f4300000)
  from space 22016K, 18% used [0x00000000f5980000,0x00000000f5d792c8,0x00000000f6f00000)
  to   space 22528K, 0% used [0x00000000f4300000,0x00000000f4300000,0x00000000f5900000)
 ParOldGen       total 126464K, used 46830K [0x00000000a0000000, 0x00000000a7b80000, 0x00000000e0000000)
  object space 126464K, 37% used [0x00000000a0000000,0x00000000a2dbba80,0x00000000a7b80000)
 Metaspace       used 72203K, capacity 74860K, committed 75136K, reserved 1114112K
  class space    used 9453K, capacity 10021K, committed 10112K, reserved 1048576K
Event: 31.547 GC heap after
Heap after GC invocations=24 (full 3):
 PSYoungGen      total 353280K, used 5541K [0x00000000e0000000, 0x00000000fb800000, 0x0000000100000000)
  eden space 330752K, 0% used [0x00000000e0000000,0x00000000e0000000,0x00000000f4300000)
  from space 22528K, 24% used [0x00000000f4300000,0x00000000f48694c0,0x00000000f5900000)
  to   space 21504K, 0% used [0x00000000fa300000,0x00000000fa300000,0x00000000fb800000)
 ParOldGen       total 126464K, used 46838K [0x00000000a0000000, 0x00000000a7b80000, 0x00000000e0000000)
  object space 126464K, 37% used [0x00000000a0000000,0x00000000a2dbda80,0x00000000a7b80000)
 Metaspace       used 72203K, capacity 74860K, committed 75136K, reserved 1114112K
  class space    used 9453K, capacity 10021K, committed 10112K, reserved 1048576K
}
Event: 33.435 GC heap before
{Heap before GC invocations=25 (full 3):
 PSYoungGen      total 353280K, used 336293K [0x00000000e0000000, 0x00000000fb800000, 0x0000000100000000)
  eden space 330752K, 100% used [0x00000000e0000000,0x00000000f4300000,0x00000000f4300000)
  from space 22528K, 24% used [0x00000000f4300000,0x00000000f48694c0,0x00000000f5900000)
  to   space 21504K, 0% used [0x00000000fa300000,0x00000000fa300000,0x00000000fb800000)
 ParOldGen       total 126464K, used 46838K [0x00000000a0000000, 0x00000000a7b80000, 0x00000000e0000000)
  object space 126464K, 37% used [0x00000000a0000000,0x00000000a2dbda80,0x00000000a7b80000)
 Metaspace       used 72255K, capacity 74878K, committed 75136K, reserved 1114112K
  class space    used 9455K, capacity 10024K, committed 10112K, reserved 1048576K
Event: 33.469 GC heap after
Heap after GC invocations=25 (full 3):
 PSYoungGen      total 429056K, used 1852K [0x00000000e0000000, 0x00000000fb800000, 0x0000000100000000)
  eden space 407552K, 0% used [0x00000000e0000000,0x00000000e0000000,0x00000000f8e00000)
  from space 21504K, 8% used [0x00000000fa300000,0x00000000fa4cf040,0x00000000fb800000)
  to   space 21504K, 0% used [0x00000000f8e00000,0x00000000f8e00000,0x00000000fa300000)
 ParOldGen       total 126464K, used 46854K [0x00000000a0000000, 0x00000000a7b80000, 0x00000000e0000000)
  object space 126464K, 37% used [0x00000000a0000000,0x00000000a2dc1a80,0x00000000a7b80000)
 Metaspace       used 72255K, capacity 74878K, committed 75136K, reserved 1114112K
  class space    used 9455K, capacity 10024K, committed 10112K, reserved 1048576K
}

